Arguments: 
  /usr/local/bin/node /home/sohaib/.yarn/bin/yarn.js add @prima/client

PATH: 
  /home/sohaib/.yarn/bin:/home/sohaib/.config/yarn/global/node_modules/.bin:/usr/local/sbin:/usr/local/bin:/usr/sbin:/usr/bin:/sbin:/bin:/usr/games:/usr/local/games:/snap/bin

Yarn version: 
  1.22.19

Node version: 
  18.7.0

Platform: 
  linux x64

Trace: 
  Error: https://registry.yarnpkg.com/@prima%2fclient: Not found
      at params.callback [as _callback] (/home/sohaib/.yarn/lib/cli.js:66145:18)
      at self.callback (/home/sohaib/.yarn/lib/cli.js:140890:22)
      at Request.emit (node:events:513:28)
      at Request.<anonymous> (/home/sohaib/.yarn/lib/cli.js:141862:10)
      at Request.emit (node:events:513:28)
      at IncomingMessage.<anonymous> (/home/sohaib/.yarn/lib/cli.js:141784:12)
      at Object.onceWrapper (node:events:627:28)
      at IncomingMessage.emit (node:events:525:35)
      at endReadableNT (node:internal/streams/readable:1359:12)
      at process.processTicksAndRejections (node:internal/process/task_queues:82:21)

npm manifest: 
  {
    "name": "quiz-system",
    "version": "1.0.0",
    "description": "assessment",
    "main": "index.js",
    "scripts": {
      "test": "echo \"Error: no test specified\" && exit 1"
    },
    "author": "",
    "license": "ISC",
    "devDependencies": {
      "prisma": "^4.6.1"
    }
  }

yarn manifest: 
  No manifest

Lockfile: 
  # THIS IS AN AUTOGENERATED FILE. DO NOT EDIT THIS FILE DIRECTLY.
  # yarn lockfile v1
  
  
  "@prisma/engines@4.6.1":
    version "4.6.1"
    resolved "https://registry.yarnpkg.com/@prisma/engines/-/engines-4.6.1.tgz#ae31309cc0f600f2da22708697b3be4eb1e46f9e"
    integrity sha512-3u2/XxvxB+Q7cMXHnKU0CpBiUK1QWqpgiBv28YDo1zOIJE3FCF8DI2vrp6vuwjGt5h0JGXDSvmSf4D4maVjJdw==
  
  prisma@^4.6.1:
    version "4.6.1"
    resolved "https://registry.yarnpkg.com/prisma/-/prisma-4.6.1.tgz#6c85fb667abed006a6b849c9c1ddd81d3f071b87"
    integrity sha512-BR4itMCuzrDV4tn3e2TF+nh1zIX/RVU0isKtKoN28ADeoJ9nYaMhiuRRkFd2TZN8+l/XfYzoRKyHzUFXLQhmBQ==
    dependencies:
      "@prisma/engines" "4.6.1"
